{"C:\\DOTNET-UTB\\portfolio-klas\\lib\\config\\constants.js": {"path":"C:\\DOTNET-UTB\\portfolio-klas\\lib\\config\\constants.js","statementMap":{"0":{"start":{"line":11,"column":27},"end":{"line":35,"column":1}},"1":{"start":{"line":41,"column":26},"end":{"line":59,"column":1}},"2":{"start":{"line":65,"column":26},"end":{"line":102,"column":1}},"3":{"start":{"line":108,"column":26},"end":{"line":138,"column":1}},"4":{"start":{"line":144,"column":25},"end":{"line":152,"column":1}},"5":{"start":{"line":158,"column":27},"end":{"line":170,"column":1}},"6":{"start":{"line":176,"column":18},"end":{"line":206,"column":1}},"7":{"start":{"line":212,"column":30},"end":{"line":227,"column":1}}},"fnMap":{},"branchMap":{},"s":{"0":2,"1":2,"2":2,"3":2,"4":2,"5":2,"6":2,"7":2},"f":{},"b":{},"meta":{"lastBranch":0,"lastFunction":0,"lastStatement":8,"seen":{"s:11:27:35:1":0,"s:41:26:59:1":1,"s:65:26:102:1":2,"s:108:26:138:1":3,"s:144:25:152:1":4,"s:158:27:170:1":5,"s:176:18:206:1":6,"s:212:30:227:1":7}}}
,"C:\\DOTNET-UTB\\portfolio-klas\\lib\\utils\\logger.js": {"path":"C:\\DOTNET-UTB\\portfolio-klas\\lib\\utils\\logger.js","statementMap":{"0":{"start":{"line":7,"column":22},"end":{"line":7,"column":null}},"1":{"start":{"line":13,"column":2},"end":{"line":18,"column":null}},"2":{"start":{"line":24,"column":22},"end":{"line":66,"column":null}},"3":{"start":{"line":29,"column":16},"end":{"line":29,"column":null}},"4":{"start":{"line":30,"column":4},"end":{"line":30,"column":null}},"5":{"start":{"line":37,"column":16},"end":{"line":37,"column":null}},"6":{"start":{"line":38,"column":4},"end":{"line":38,"column":null}},"7":{"start":{"line":45,"column":16},"end":{"line":53,"column":null}},"8":{"start":{"line":54,"column":4},"end":{"line":54,"column":null}},"9":{"start":{"line":61,"column":4},"end":{"line":64,"column":null}},"10":{"start":{"line":62,"column":18},"end":{"line":62,"column":null}},"11":{"start":{"line":63,"column":6},"end":{"line":63,"column":null}}},"fnMap":{"0":{"name":"formatLog","decl":{"start":{"line":12,"column":9},"end":{"line":12,"column":19}},"loc":{"start":{"line":12,"column":49},"end":{"line":19,"column":null}},"line":12},"1":{"name":"(anonymous_1)","decl":{"start":{"line":28,"column":8},"end":{"line":28,"column":9}},"loc":{"start":{"line":28,"column":35},"end":{"line":31,"column":null}},"line":28},"2":{"name":"(anonymous_2)","decl":{"start":{"line":36,"column":8},"end":{"line":36,"column":9}},"loc":{"start":{"line":36,"column":35},"end":{"line":39,"column":null}},"line":36},"3":{"name":"(anonymous_3)","decl":{"start":{"line":44,"column":9},"end":{"line":44,"column":10}},"loc":{"start":{"line":44,"column":43},"end":{"line":55,"column":null}},"line":44},"4":{"name":"(anonymous_4)","decl":{"start":{"line":60,"column":9},"end":{"line":60,"column":10}},"loc":{"start":{"line":60,"column":36},"end":{"line":65,"column":null}},"line":60}},"branchMap":{"0":{"loc":{"start":{"line":12,"column":35},"end":{"line":12,"column":49}},"type":"default-arg","locations":[{"start":{"line":12,"column":45},"end":{"line":12,"column":49}}],"line":12},"1":{"loc":{"start":{"line":28,"column":18},"end":{"line":28,"column":35}},"type":"default-arg","locations":[{"start":{"line":28,"column":28},"end":{"line":28,"column":35}}],"line":28},"2":{"loc":{"start":{"line":36,"column":18},"end":{"line":36,"column":35}},"type":"default-arg","locations":[{"start":{"line":36,"column":28},"end":{"line":36,"column":35}}],"line":36},"3":{"loc":{"start":{"line":44,"column":26},"end":{"line":44,"column":43}},"type":"default-arg","locations":[{"start":{"line":44,"column":36},"end":{"line":44,"column":43}}],"line":44},"4":{"loc":{"start":{"line":46,"column":13},"end":{"line":51,"column":null}},"type":"cond-expr","locations":[{"start":{"line":46,"column":21},"end":{"line":51,"column":10}},{"start":{"line":51,"column":10},"end":{"line":51,"column":null}}],"line":46},"5":{"loc":{"start":{"line":49,"column":15},"end":{"line":49,"column":null}},"type":"cond-expr","locations":[{"start":{"line":49,"column":31},"end":{"line":49,"column":45}},{"start":{"line":49,"column":45},"end":{"line":49,"column":null}}],"line":49},"6":{"loc":{"start":{"line":60,"column":19},"end":{"line":60,"column":36}},"type":"default-arg","locations":[{"start":{"line":60,"column":29},"end":{"line":60,"column":36}}],"line":60},"7":{"loc":{"start":{"line":61,"column":4},"end":{"line":64,"column":null}},"type":"if","locations":[{"start":{"line":61,"column":4},"end":{"line":64,"column":null}},{"start":{},"end":{}}],"line":61}},"s":{"0":1,"1":4,"2":1,"3":2,"4":2,"5":0,"6":0,"7":2,"8":2,"9":0,"10":0,"11":0},"f":{"0":4,"1":2,"2":0,"3":2,"4":0},"b":{"0":[4],"1":[2],"2":[0],"3":[2],"4":[2,0],"5":[0,2],"6":[0],"7":[0,0]},"meta":{"lastBranch":8,"lastFunction":5,"lastStatement":12,"seen":{"s:7:22:7:Infinity":0,"f:12:9:12:19":0,"b:12:45:12:49":0,"s:13:2:18:Infinity":1,"s:24:22:66:Infinity":2,"f:28:8:28:9":1,"b:28:28:28:35":1,"s:29:16:29:Infinity":3,"s:30:4:30:Infinity":4,"f:36:8:36:9":2,"b:36:28:36:35":2,"s:37:16:37:Infinity":5,"s:38:4:38:Infinity":6,"f:44:9:44:10":3,"b:44:36:44:43":3,"s:45:16:53:Infinity":7,"b:46:21:51:10:51:10:51:Infinity":4,"b:49:31:49:45:49:45:49:Infinity":5,"s:54:4:54:Infinity":8,"f:60:9:60:10":4,"b:60:29:60:36":6,"b:61:4:64:Infinity:undefined:undefined:undefined:undefined":7,"s:61:4:64:Infinity":9,"s:62:18:62:Infinity":10,"s:63:6:63:Infinity":11}}}
,"C:\\DOTNET-UTB\\portfolio-klas\\lib\\validators\\inputValidator.js": {"path":"C:\\DOTNET-UTB\\portfolio-klas\\lib\\validators\\inputValidator.js","statementMap":{"0":{"start":{"line":17,"column":2},"end":{"line":19,"column":3}},"1":{"start":{"line":18,"column":4},"end":{"line":18,"column":14}},"2":{"start":{"line":22,"column":18},"end":{"line":42,"column":27}},"3":{"start":{"line":45,"column":2},"end":{"line":48,"column":26}},"4":{"start":{"line":51,"column":2},"end":{"line":53,"column":3}},"5":{"start":{"line":52,"column":4},"end":{"line":52,"column":50}},"6":{"start":{"line":55,"column":2},"end":{"line":55,"column":19}},"7":{"start":{"line":65,"column":2},"end":{"line":67,"column":3}},"8":{"start":{"line":66,"column":4},"end":{"line":66,"column":17}},"9":{"start":{"line":70,"column":21},"end":{"line":70,"column":49}},"10":{"start":{"line":71,"column":2},"end":{"line":71,"column":79}},"11":{"start":{"line":81,"column":2},"end":{"line":83,"column":3}},"12":{"start":{"line":82,"column":4},"end":{"line":82,"column":14}},"13":{"start":{"line":85,"column":2},"end":{"line":88,"column":47}},"14":{"start":{"line":98,"column":2},"end":{"line":100,"column":3}},"15":{"start":{"line":99,"column":4},"end":{"line":99,"column":17}},"16":{"start":{"line":104,"column":20},"end":{"line":104,"column":67}},"17":{"start":{"line":105,"column":2},"end":{"line":105,"column":120}},"18":{"start":{"line":115,"column":2},"end":{"line":117,"column":3}},"19":{"start":{"line":116,"column":4},"end":{"line":116,"column":14}},"20":{"start":{"line":119,"column":2},"end":{"line":123,"column":46}},"21":{"start":{"line":133,"column":2},"end":{"line":133,"column":27}},"22":{"start":{"line":133,"column":15},"end":{"line":133,"column":27}},"23":{"start":{"line":135,"column":14},"end":{"line":135,"column":34}},"24":{"start":{"line":136,"column":2},"end":{"line":136,"column":65}},"25":{"start":{"line":146,"column":2},"end":{"line":146,"column":25}},"26":{"start":{"line":146,"column":15},"end":{"line":146,"column":25}},"27":{"start":{"line":149,"column":18},"end":{"line":149,"column":51}},"28":{"start":{"line":150,"column":14},"end":{"line":150,"column":35}},"29":{"start":{"line":152,"column":2},"end":{"line":152,"column":28}},"30":{"start":{"line":152,"column":18},"end":{"line":152,"column":28}},"31":{"start":{"line":153,"column":2},"end":{"line":153,"column":72}},"32":{"start":{"line":153,"column":35},"end":{"line":153,"column":72}},"33":{"start":{"line":155,"column":2},"end":{"line":155,"column":21}}},"fnMap":{"0":{"name":"sanitizeTextInput","decl":{"start":{"line":16,"column":16},"end":{"line":16,"column":33}},"loc":{"start":{"line":16,"column":81},"end":{"line":56,"column":1}},"line":16},"1":{"name":"isValidEmail","decl":{"start":{"line":64,"column":16},"end":{"line":64,"column":28}},"loc":{"start":{"line":64,"column":36},"end":{"line":72,"column":1}},"line":64},"2":{"name":"sanitizeEmail","decl":{"start":{"line":80,"column":16},"end":{"line":80,"column":29}},"loc":{"start":{"line":80,"column":37},"end":{"line":89,"column":1}},"line":80},"3":{"name":"isValidName","decl":{"start":{"line":97,"column":16},"end":{"line":97,"column":27}},"loc":{"start":{"line":97,"column":34},"end":{"line":106,"column":1}},"line":97},"4":{"name":"sanitizeName","decl":{"start":{"line":114,"column":16},"end":{"line":114,"column":28}},"loc":{"start":{"line":114,"column":35},"end":{"line":124,"column":1}},"line":114},"5":{"name":"isValidBudget","decl":{"start":{"line":132,"column":16},"end":{"line":132,"column":29}},"loc":{"start":{"line":132,"column":38},"end":{"line":137,"column":1}},"line":132},"6":{"name":"sanitizeBudget","decl":{"start":{"line":145,"column":16},"end":{"line":145,"column":30}},"loc":{"start":{"line":145,"column":39},"end":{"line":156,"column":1}},"line":145}},"branchMap":{"0":{"loc":{"start":{"line":16,"column":41},"end":{"line":16,"column":79}},"type":"default-arg","locations":[{"start":{"line":16,"column":53},"end":{"line":16,"column":79}}],"line":16},"1":{"loc":{"start":{"line":17,"column":2},"end":{"line":19,"column":3}},"type":"if","locations":[{"start":{"line":17,"column":2},"end":{"line":19,"column":3}},{"start":{},"end":{}}],"line":17},"2":{"loc":{"start":{"line":17,"column":6},"end":{"line":17,"column":41}},"type":"binary-expr","locations":[{"start":{"line":17,"column":6},"end":{"line":17,"column":12}},{"start":{"line":17,"column":16},"end":{"line":17,"column":41}}],"line":17},"3":{"loc":{"start":{"line":51,"column":2},"end":{"line":53,"column":3}},"type":"if","locations":[{"start":{"line":51,"column":2},"end":{"line":53,"column":3}},{"start":{},"end":{}}],"line":51},"4":{"loc":{"start":{"line":65,"column":2},"end":{"line":67,"column":3}},"type":"if","locations":[{"start":{"line":65,"column":2},"end":{"line":67,"column":3}},{"start":{},"end":{}}],"line":65},"5":{"loc":{"start":{"line":65,"column":6},"end":{"line":65,"column":41}},"type":"binary-expr","locations":[{"start":{"line":65,"column":6},"end":{"line":65,"column":12}},{"start":{"line":65,"column":16},"end":{"line":65,"column":41}}],"line":65},"6":{"loc":{"start":{"line":71,"column":9},"end":{"line":71,"column":78}},"type":"binary-expr","locations":[{"start":{"line":71,"column":9},"end":{"line":71,"column":31}},{"start":{"line":71,"column":35},"end":{"line":71,"column":78}}],"line":71},"7":{"loc":{"start":{"line":81,"column":2},"end":{"line":83,"column":3}},"type":"if","locations":[{"start":{"line":81,"column":2},"end":{"line":83,"column":3}},{"start":{},"end":{}}],"line":81},"8":{"loc":{"start":{"line":81,"column":6},"end":{"line":81,"column":41}},"type":"binary-expr","locations":[{"start":{"line":81,"column":6},"end":{"line":81,"column":12}},{"start":{"line":81,"column":16},"end":{"line":81,"column":41}}],"line":81},"9":{"loc":{"start":{"line":98,"column":2},"end":{"line":100,"column":3}},"type":"if","locations":[{"start":{"line":98,"column":2},"end":{"line":100,"column":3}},{"start":{},"end":{}}],"line":98},"10":{"loc":{"start":{"line":98,"column":6},"end":{"line":98,"column":39}},"type":"binary-expr","locations":[{"start":{"line":98,"column":6},"end":{"line":98,"column":11}},{"start":{"line":98,"column":15},"end":{"line":98,"column":39}}],"line":98},"11":{"loc":{"start":{"line":105,"column":9},"end":{"line":105,"column":119}},"type":"binary-expr","locations":[{"start":{"line":105,"column":9},"end":{"line":105,"column":29}},{"start":{"line":105,"column":33},"end":{"line":105,"column":74}},{"start":{"line":105,"column":78},"end":{"line":105,"column":119}}],"line":105},"12":{"loc":{"start":{"line":115,"column":2},"end":{"line":117,"column":3}},"type":"if","locations":[{"start":{"line":115,"column":2},"end":{"line":117,"column":3}},{"start":{},"end":{}}],"line":115},"13":{"loc":{"start":{"line":115,"column":6},"end":{"line":115,"column":39}},"type":"binary-expr","locations":[{"start":{"line":115,"column":6},"end":{"line":115,"column":11}},{"start":{"line":115,"column":15},"end":{"line":115,"column":39}}],"line":115},"14":{"loc":{"start":{"line":133,"column":2},"end":{"line":133,"column":27}},"type":"if","locations":[{"start":{"line":133,"column":2},"end":{"line":133,"column":27}},{"start":{},"end":{}}],"line":133},"15":{"loc":{"start":{"line":136,"column":9},"end":{"line":136,"column":64}},"type":"binary-expr","locations":[{"start":{"line":136,"column":9},"end":{"line":136,"column":20}},{"start":{"line":136,"column":24},"end":{"line":136,"column":32}},{"start":{"line":136,"column":36},"end":{"line":136,"column":64}}],"line":136},"16":{"loc":{"start":{"line":146,"column":2},"end":{"line":146,"column":25}},"type":"if","locations":[{"start":{"line":146,"column":2},"end":{"line":146,"column":25}},{"start":{},"end":{}}],"line":146},"17":{"loc":{"start":{"line":152,"column":2},"end":{"line":152,"column":28}},"type":"if","locations":[{"start":{"line":152,"column":2},"end":{"line":152,"column":28}},{"start":{},"end":{}}],"line":152},"18":{"loc":{"start":{"line":153,"column":2},"end":{"line":153,"column":72}},"type":"if","locations":[{"start":{"line":153,"column":2},"end":{"line":153,"column":72}},{"start":{},"end":{}}],"line":153}},"s":{"0":16,"1":4,"2":12,"3":12,"4":12,"5":1,"6":12,"7":11,"8":3,"9":8,"10":8,"11":5,"12":3,"13":2,"14":13,"15":3,"16":10,"17":10,"18":4,"19":0,"20":4,"21":8,"22":2,"23":6,"24":6,"25":6,"26":2,"27":4,"28":4,"29":4,"30":1,"31":3,"32":1,"33":2},"f":{"0":16,"1":11,"2":5,"3":13,"4":4,"5":8,"6":6},"b":{"0":[16],"1":[4,12],"2":[16,14],"3":[1,11],"4":[3,8],"5":[11,8],"6":[8,4],"7":[3,2],"8":[5,2],"9":[3,10],"10":[13,10],"11":[10,7,6],"12":[0,4],"13":[4,4],"14":[2,6],"15":[6,5,4],"16":[2,4],"17":[1,3],"18":[1,2]},"meta":{"lastBranch":19,"lastFunction":7,"lastStatement":34,"seen":{"f:16:16:16:33":0,"b:16:53:16:79":0,"b:17:2:19:3:undefined:undefined:undefined:undefined":1,"s:17:2:19:3":0,"b:17:6:17:12:17:16:17:41":2,"s:18:4:18:14":1,"s:22:18:42:27":2,"s:45:2:48:26":3,"b:51:2:53:3:undefined:undefined:undefined:undefined":3,"s:51:2:53:3":4,"s:52:4:52:50":5,"s:55:2:55:19":6,"f:64:16:64:28":1,"b:65:2:67:3:undefined:undefined:undefined:undefined":4,"s:65:2:67:3":7,"b:65:6:65:12:65:16:65:41":5,"s:66:4:66:17":8,"s:70:21:70:49":9,"s:71:2:71:79":10,"b:71:9:71:31:71:35:71:78":6,"f:80:16:80:29":2,"b:81:2:83:3:undefined:undefined:undefined:undefined":7,"s:81:2:83:3":11,"b:81:6:81:12:81:16:81:41":8,"s:82:4:82:14":12,"s:85:2:88:47":13,"f:97:16:97:27":3,"b:98:2:100:3:undefined:undefined:undefined:undefined":9,"s:98:2:100:3":14,"b:98:6:98:11:98:15:98:39":10,"s:99:4:99:17":15,"s:104:20:104:67":16,"s:105:2:105:120":17,"b:105:9:105:29:105:33:105:74:105:78:105:119":11,"f:114:16:114:28":4,"b:115:2:117:3:undefined:undefined:undefined:undefined":12,"s:115:2:117:3":18,"b:115:6:115:11:115:15:115:39":13,"s:116:4:116:14":19,"s:119:2:123:46":20,"f:132:16:132:29":5,"b:133:2:133:27:undefined:undefined:undefined:undefined":14,"s:133:2:133:27":21,"s:133:15:133:27":22,"s:135:14:135:34":23,"s:136:2:136:65":24,"b:136:9:136:20:136:24:136:32:136:36:136:64":15,"f:145:16:145:30":6,"b:146:2:146:25:undefined:undefined:undefined:undefined":16,"s:146:2:146:25":25,"s:146:15:146:25":26,"s:149:18:149:51":27,"s:150:14:150:35":28,"b:152:2:152:28:undefined:undefined:undefined:undefined":17,"s:152:2:152:28":29,"s:152:18:152:28":30,"b:153:2:153:72:undefined:undefined:undefined:undefined":18,"s:153:2:153:72":31,"s:153:35:153:72":32,"s:155:2:155:21":33}}}
,"C:\\DOTNET-UTB\\portfolio-klas\\src\\assets\\aiklas.png": {"path":"C:\\DOTNET-UTB\\portfolio-klas\\src\\assets\\aiklas.png","statementMap":{},"fnMap":{},"branchMap":{},"s":{},"f":{},"b":{},"meta":{"lastBranch":0,"lastFunction":0,"lastStatement":0,"seen":{}}}
,"C:\\DOTNET-UTB\\portfolio-klas\\src\\components\\ChatUI.jsx": {"path":"C:\\DOTNET-UTB\\portfolio-klas\\src\\components\\ChatUI.jsx","statementMap":{"0":{"start":{"line":9,"column":15},"end":{"line":274,"column":null}},"1":{"start":{"line":11,"column":30},"end":{"line":25,"column":null}},"2":{"start":{"line":12,"column":4},"end":{"line":23,"column":null}},"3":{"start":{"line":13,"column":20},"end":{"line":13,"column":null}},"4":{"start":{"line":14,"column":6},"end":{"line":20,"column":null}},"5":{"start":{"line":15,"column":23},"end":{"line":15,"column":null}},"6":{"start":{"line":17,"column":8},"end":{"line":19,"column":null}},"7":{"start":{"line":18,"column":10},"end":{"line":18,"column":null}},"8":{"start":{"line":22,"column":6},"end":{"line":22,"column":null}},"9":{"start":{"line":24,"column":4},"end":{"line":24,"column":null}},"10":{"start":{"line":27,"column":24},"end":{"line":27,"column":null}},"11":{"start":{"line":28,"column":28},"end":{"line":28,"column":null}},"12":{"start":{"line":29,"column":8},"end":{"line":29,"column":null}},"13":{"start":{"line":30,"column":8},"end":{"line":30,"column":null}},"14":{"start":{"line":33,"column":2},"end":{"line":41,"column":null}},"15":{"start":{"line":34,"column":4},"end":{"line":40,"column":null}},"16":{"start":{"line":35,"column":26},"end":{"line":37,"column":null}},"17":{"start":{"line":39,"column":6},"end":{"line":39,"column":null}},"18":{"start":{"line":44,"column":2},"end":{"line":52,"column":null}},"19":{"start":{"line":45,"column":4},"end":{"line":51,"column":null}},"20":{"start":{"line":46,"column":6},"end":{"line":50,"column":null}},"21":{"start":{"line":47,"column":8},"end":{"line":47,"column":null}},"22":{"start":{"line":49,"column":8},"end":{"line":49,"column":null}},"23":{"start":{"line":54,"column":22},"end":{"line":98,"column":null}},"24":{"start":{"line":55,"column":4},"end":{"line":55,"column":null}},"25":{"start":{"line":55,"column":11},"end":{"line":55,"column":null}},"26":{"start":{"line":56,"column":23},"end":{"line":56,"column":null}},"27":{"start":{"line":57,"column":4},"end":{"line":57,"column":null}},"28":{"start":{"line":57,"column":32},"end":{"line":57,"column":null}},"29":{"start":{"line":60,"column":10},"end":{"line":60,"column":null}},"30":{"start":{"line":61,"column":4},"end":{"line":61,"column":null}},"31":{"start":{"line":61,"column":20},"end":{"line":61,"column":null}},"32":{"start":{"line":63,"column":20},"end":{"line":63,"column":null}},"33":{"start":{"line":64,"column":4},"end":{"line":64,"column":null}},"34":{"start":{"line":64,"column":24},"end":{"line":64,"column":42}},"35":{"start":{"line":65,"column":4},"end":{"line":65,"column":null}},"36":{"start":{"line":67,"column":4},"end":{"line":69,"column":null}},"37":{"start":{"line":68,"column":6},"end":{"line":68,"column":null}},"38":{"start":{"line":71,"column":4},"end":{"line":71,"column":null}},"39":{"start":{"line":73,"column":4},"end":{"line":97,"column":null}},"40":{"start":{"line":75,"column":34},"end":{"line":78,"column":null}},"41":{"start":{"line":76,"column":21},"end":{"line":76,"column":40}},"42":{"start":{"line":78,"column":19},"end":{"line":78,"column":56}},"43":{"start":{"line":80,"column":18},"end":{"line":84,"column":null}},"44":{"start":{"line":86,"column":6},"end":{"line":86,"column":null}},"45":{"start":{"line":86,"column":26},"end":{"line":86,"column":83}},"46":{"start":{"line":90,"column":23},"end":{"line":92,"column":null}},"47":{"start":{"line":94,"column":6},"end":{"line":94,"column":null}},"48":{"start":{"line":94,"column":26},"end":{"line":94,"column":77}},"49":{"start":{"line":96,"column":6},"end":{"line":96,"column":null}},"50":{"start":{"line":100,"column":24},"end":{"line":105,"column":null}},"51":{"start":{"line":101,"column":4},"end":{"line":104,"column":null}},"52":{"start":{"line":102,"column":6},"end":{"line":102,"column":null}},"53":{"start":{"line":103,"column":6},"end":{"line":103,"column":null}},"54":{"start":{"line":107,"column":22},"end":{"line":111,"column":null}},"55":{"start":{"line":108,"column":4},"end":{"line":108,"column":null}},"56":{"start":{"line":109,"column":4},"end":{"line":109,"column":null}},"57":{"start":{"line":110,"column":4},"end":{"line":110,"column":null}},"58":{"start":{"line":114,"column":23},"end":{"line":118,"column":null}},"59":{"start":{"line":115,"column":4},"end":{"line":115,"column":null}},"60":{"start":{"line":116,"column":4},"end":{"line":116,"column":null}},"61":{"start":{"line":120,"column":2},"end":{"line":122,"column":null}},"62":{"start":{"line":121,"column":4},"end":{"line":121,"column":null}},"63":{"start":{"line":124,"column":2},"end":{"line":272,"column":null}},"64":{"start":{"line":154,"column":10},"end":{"line":208,"column":null}},"65":{"start":{"line":180,"column":20},"end":{"line":185,"column":null}},"66":{"start":{"line":187,"column":43},"end":{"line":187,"column":null}},"67":{"start":{"line":188,"column":44},"end":{"line":188,"column":null}},"68":{"start":{"line":189,"column":44},"end":{"line":189,"column":null}},"69":{"start":{"line":190,"column":44},"end":{"line":190,"column":null}},"70":{"start":{"line":192,"column":20},"end":{"line":195,"column":null}},"71":{"start":{"line":198,"column":20},"end":{"line":201,"column":null}}},"fnMap":{"0":{"name":"(anonymous_0)","decl":{"start":{"line":9,"column":15},"end":{"line":9,"column":16}},"loc":{"start":{"line":9,"column":37},"end":{"line":274,"column":null}},"line":9},"1":{"name":"(anonymous_1)","decl":{"start":{"line":11,"column":43},"end":{"line":11,"column":49}},"loc":{"start":{"line":11,"column":49},"end":{"line":25,"column":3}},"line":11},"2":{"name":"(anonymous_2)","decl":{"start":{"line":33,"column":12},"end":{"line":33,"column":18}},"loc":{"start":{"line":33,"column":18},"end":{"line":41,"column":5}},"line":33},"3":{"name":"(anonymous_3)","decl":{"start":{"line":44,"column":12},"end":{"line":44,"column":18}},"loc":{"start":{"line":44,"column":18},"end":{"line":52,"column":5}},"line":44},"4":{"name":"(anonymous_4)","decl":{"start":{"line":54,"column":22},"end":{"line":54,"column":29}},"loc":{"start":{"line":54,"column":35},"end":{"line":98,"column":null}},"line":54},"5":{"name":"(anonymous_5)","decl":{"start":{"line":64,"column":16},"end":{"line":64,"column":24}},"loc":{"start":{"line":64,"column":24},"end":{"line":64,"column":42}},"line":64},"6":{"name":"(anonymous_6)","decl":{"start":{"line":76,"column":16},"end":{"line":76,"column":21}},"loc":{"start":{"line":76,"column":21},"end":{"line":76,"column":40}},"line":76},"7":{"name":"(anonymous_7)","decl":{"start":{"line":78,"column":13},"end":{"line":78,"column":19}},"loc":{"start":{"line":78,"column":19},"end":{"line":78,"column":56}},"line":78},"8":{"name":"(anonymous_8)","decl":{"start":{"line":86,"column":18},"end":{"line":86,"column":26}},"loc":{"start":{"line":86,"column":26},"end":{"line":86,"column":83}},"line":86},"9":{"name":"(anonymous_9)","decl":{"start":{"line":94,"column":18},"end":{"line":94,"column":26}},"loc":{"start":{"line":94,"column":26},"end":{"line":94,"column":77}},"line":94},"10":{"name":"(anonymous_10)","decl":{"start":{"line":100,"column":24},"end":{"line":100,"column":25}},"loc":{"start":{"line":100,"column":31},"end":{"line":105,"column":null}},"line":100},"11":{"name":"(anonymous_11)","decl":{"start":{"line":107,"column":22},"end":{"line":107,"column":23}},"loc":{"start":{"line":107,"column":29},"end":{"line":111,"column":null}},"line":107},"12":{"name":"(anonymous_12)","decl":{"start":{"line":114,"column":23},"end":{"line":114,"column":29}},"loc":{"start":{"line":114,"column":29},"end":{"line":118,"column":null}},"line":114},"13":{"name":"(anonymous_13)","decl":{"start":{"line":120,"column":12},"end":{"line":120,"column":18}},"loc":{"start":{"line":120,"column":18},"end":{"line":122,"column":5}},"line":120},"14":{"name":"(anonymous_14)","decl":{"start":{"line":153,"column":22},"end":{"line":153,"column":23}},"loc":{"start":{"line":154,"column":10},"end":{"line":208,"column":null}},"line":154},"15":{"name":"(anonymous_15)","decl":{"start":{"line":179,"column":21},"end":{"line":179,"column":22}},"loc":{"start":{"line":180,"column":20},"end":{"line":185,"column":null}},"line":180},"16":{"name":"(anonymous_16)","decl":{"start":{"line":187,"column":21},"end":{"line":187,"column":22}},"loc":{"start":{"line":187,"column":43},"end":{"line":187,"column":null}},"line":187},"17":{"name":"(anonymous_17)","decl":{"start":{"line":188,"column":22},"end":{"line":188,"column":23}},"loc":{"start":{"line":188,"column":44},"end":{"line":188,"column":null}},"line":188},"18":{"name":"(anonymous_18)","decl":{"start":{"line":189,"column":22},"end":{"line":189,"column":23}},"loc":{"start":{"line":189,"column":44},"end":{"line":189,"column":null}},"line":189},"19":{"name":"(anonymous_19)","decl":{"start":{"line":190,"column":22},"end":{"line":190,"column":23}},"loc":{"start":{"line":190,"column":44},"end":{"line":190,"column":null}},"line":190},"20":{"name":"(anonymous_20)","decl":{"start":{"line":191,"column":26},"end":{"line":191,"column":27}},"loc":{"start":{"line":192,"column":20},"end":{"line":195,"column":null}},"line":192},"21":{"name":"(anonymous_21)","decl":{"start":{"line":197,"column":24},"end":{"line":197,"column":25}},"loc":{"start":{"line":198,"column":20},"end":{"line":201,"column":null}},"line":198}},"branchMap":{"0":{"loc":{"start":{"line":14,"column":6},"end":{"line":20,"column":null}},"type":"if","locations":[{"start":{"line":14,"column":6},"end":{"line":20,"column":null}},{"start":{},"end":{}}],"line":14},"1":{"loc":{"start":{"line":17,"column":8},"end":{"line":19,"column":null}},"type":"if","locations":[{"start":{"line":17,"column":8},"end":{"line":19,"column":null}},{"start":{},"end":{}}],"line":17},"2":{"loc":{"start":{"line":17,"column":12},"end":{"line":17,"column":56}},"type":"binary-expr","locations":[{"start":{"line":17,"column":12},"end":{"line":17,"column":37}},{"start":{"line":17,"column":37},"end":{"line":17,"column":56}}],"line":17},"3":{"loc":{"start":{"line":34,"column":4},"end":{"line":40,"column":null}},"type":"if","locations":[{"start":{"line":34,"column":4},"end":{"line":40,"column":null}},{"start":{},"end":{}}],"line":34},"4":{"loc":{"start":{"line":35,"column":26},"end":{"line":37,"column":null}},"type":"cond-expr","locations":[{"start":{"line":36,"column":10},"end":{"line":36,"column":null}},{"start":{"line":37,"column":10},"end":{"line":37,"column":null}}],"line":35},"5":{"loc":{"start":{"line":45,"column":4},"end":{"line":51,"column":null}},"type":"if","locations":[{"start":{"line":45,"column":4},"end":{"line":51,"column":null}},{"start":{},"end":{}}],"line":45},"6":{"loc":{"start":{"line":55,"column":4},"end":{"line":55,"column":null}},"type":"if","locations":[{"start":{"line":55,"column":4},"end":{"line":55,"column":null}},{"start":{},"end":{}}],"line":55},"7":{"loc":{"start":{"line":57,"column":4},"end":{"line":57,"column":null}},"type":"if","locations":[{"start":{"line":57,"column":4},"end":{"line":57,"column":null}},{"start":{},"end":{}}],"line":57},"8":{"loc":{"start":{"line":57,"column":8},"end":{"line":57,"column":32}},"type":"binary-expr","locations":[{"start":{"line":57,"column":8},"end":{"line":57,"column":23}},{"start":{"line":57,"column":23},"end":{"line":57,"column":32}}],"line":57},"9":{"loc":{"start":{"line":61,"column":4},"end":{"line":61,"column":null}},"type":"if","locations":[{"start":{"line":61,"column":4},"end":{"line":61,"column":null}},{"start":{},"end":{}}],"line":61},"10":{"loc":{"start":{"line":67,"column":4},"end":{"line":69,"column":null}},"type":"if","locations":[{"start":{"line":67,"column":4},"end":{"line":69,"column":null}},{"start":{},"end":{}}],"line":67},"11":{"loc":{"start":{"line":90,"column":23},"end":{"line":92,"column":null}},"type":"cond-expr","locations":[{"start":{"line":91,"column":10},"end":{"line":91,"column":null}},{"start":{"line":92,"column":10},"end":{"line":92,"column":null}}],"line":90},"12":{"loc":{"start":{"line":101,"column":4},"end":{"line":104,"column":null}},"type":"if","locations":[{"start":{"line":101,"column":4},"end":{"line":104,"column":null}},{"start":{},"end":{}}],"line":101},"13":{"loc":{"start":{"line":101,"column":8},"end":{"line":101,"column":42}},"type":"binary-expr","locations":[{"start":{"line":101,"column":8},"end":{"line":101,"column":29}},{"start":{"line":101,"column":29},"end":{"line":101,"column":42}}],"line":101},"14":{"loc":{"start":{"line":126,"column":8},"end":{"line":128,"column":61}},"type":"cond-expr","locations":[{"start":{"line":127,"column":10},"end":{"line":127,"column":null}},{"start":{"line":128,"column":10},"end":{"line":128,"column":61}}],"line":126},"15":{"loc":{"start":{"line":132,"column":10},"end":{"line":132,"column":57}},"type":"cond-expr","locations":[{"start":{"line":132,"column":19},"end":{"line":132,"column":40}},{"start":{"line":132,"column":40},"end":{"line":132,"column":57}}],"line":132},"16":{"loc":{"start":{"line":137,"column":7},"end":{"line":148,"column":null}},"type":"binary-expr","locations":[{"start":{"line":137,"column":7},"end":{"line":137,"column":null}},{"start":{"line":138,"column":8},"end":{"line":148,"column":null}}],"line":137},"17":{"loc":{"start":{"line":141,"column":14},"end":{"line":143,"column":83}},"type":"cond-expr","locations":[{"start":{"line":142,"column":16},"end":{"line":142,"column":null}},{"start":{"line":143,"column":16},"end":{"line":143,"column":83}}],"line":141},"18":{"loc":{"start":{"line":144,"column":17},"end":{"line":144,"column":null}},"type":"cond-expr","locations":[{"start":{"line":144,"column":33},"end":{"line":144,"column":52}},{"start":{"line":144,"column":52},"end":{"line":144,"column":null}}],"line":144},"19":{"loc":{"start":{"line":145,"column":22},"end":{"line":145,"column":null}},"type":"cond-expr","locations":[{"start":{"line":145,"column":38},"end":{"line":145,"column":62}},{"start":{"line":145,"column":62},"end":{"line":145,"column":null}}],"line":145},"20":{"loc":{"start":{"line":154,"column":42},"end":{"line":154,"column":103}},"type":"cond-expr","locations":[{"start":{"line":154,"column":62},"end":{"line":154,"column":78}},{"start":{"line":154,"column":78},"end":{"line":154,"column":103}}],"line":154},"21":{"loc":{"start":{"line":156,"column":13},"end":{"line":164,"column":null}},"type":"binary-expr","locations":[{"start":{"line":156,"column":13},"end":{"line":156,"column":null}},{"start":{"line":157,"column":14},"end":{"line":164,"column":null}}],"line":156},"22":{"loc":{"start":{"line":163,"column":20},"end":{"line":163,"column":74}},"type":"cond-expr","locations":[{"start":{"line":163,"column":29},"end":{"line":163,"column":55}},{"start":{"line":163,"column":55},"end":{"line":163,"column":74}}],"line":163},"23":{"loc":{"start":{"line":169,"column":14},"end":{"line":175,"column":null}},"type":"cond-expr","locations":[{"start":{"line":170,"column":19},"end":{"line":172,"column":null}},{"start":{"line":173,"column":19},"end":{"line":175,"column":null}}],"line":169},"24":{"loc":{"start":{"line":170,"column":19},"end":{"line":172,"column":null}},"type":"cond-expr","locations":[{"start":{"line":171,"column":22},"end":{"line":171,"column":null}},{"start":{"line":172,"column":22},"end":{"line":172,"column":null}}],"line":170},"25":{"loc":{"start":{"line":173,"column":19},"end":{"line":175,"column":null}},"type":"cond-expr","locations":[{"start":{"line":174,"column":22},"end":{"line":174,"column":null}},{"start":{"line":175,"column":22},"end":{"line":175,"column":null}}],"line":173},"26":{"loc":{"start":{"line":182,"column":56},"end":{"line":182,"column":140}},"type":"cond-expr","locations":[{"start":{"line":182,"column":65},"end":{"line":182,"column":101}},{"start":{"line":182,"column":101},"end":{"line":182,"column":140}}],"line":182},"27":{"loc":{"start":{"line":194,"column":46},"end":{"line":194,"column":93}},"type":"cond-expr","locations":[{"start":{"line":194,"column":55},"end":{"line":194,"column":76}},{"start":{"line":194,"column":76},"end":{"line":194,"column":93}}],"line":194},"28":{"loc":{"start":{"line":200,"column":74},"end":{"line":200,"column":148}},"type":"cond-expr","locations":[{"start":{"line":200,"column":83},"end":{"line":200,"column":114}},{"start":{"line":200,"column":114},"end":{"line":200,"column":148}}],"line":200},"29":{"loc":{"start":{"line":211,"column":9},"end":{"line":228,"column":null}},"type":"binary-expr","locations":[{"start":{"line":211,"column":9},"end":{"line":211,"column":null}},{"start":{"line":212,"column":10},"end":{"line":228,"column":null}}],"line":211},"30":{"loc":{"start":{"line":219,"column":18},"end":{"line":219,"column":72}},"type":"cond-expr","locations":[{"start":{"line":219,"column":27},"end":{"line":219,"column":53}},{"start":{"line":219,"column":53},"end":{"line":219,"column":72}}],"line":219},"31":{"loc":{"start":{"line":222,"column":16},"end":{"line":224,"column":85}},"type":"cond-expr","locations":[{"start":{"line":223,"column":18},"end":{"line":223,"column":null}},{"start":{"line":224,"column":18},"end":{"line":224,"column":85}}],"line":222},"32":{"loc":{"start":{"line":225,"column":50},"end":{"line":225,"column":97}},"type":"cond-expr","locations":[{"start":{"line":225,"column":59},"end":{"line":225,"column":80}},{"start":{"line":225,"column":80},"end":{"line":225,"column":97}}],"line":225},"33":{"loc":{"start":{"line":226,"column":15},"end":{"line":226,"column":null}},"type":"cond-expr","locations":[{"start":{"line":226,"column":31},"end":{"line":226,"column":45}},{"start":{"line":226,"column":45},"end":{"line":226,"column":null}}],"line":226},"34":{"loc":{"start":{"line":235,"column":10},"end":{"line":237,"column":63}},"type":"cond-expr","locations":[{"start":{"line":236,"column":12},"end":{"line":236,"column":null}},{"start":{"line":237,"column":12},"end":{"line":237,"column":63}}],"line":235},"35":{"loc":{"start":{"line":245,"column":25},"end":{"line":245,"column":null}},"type":"cond-expr","locations":[{"start":{"line":245,"column":41},"end":{"line":245,"column":68}},{"start":{"line":245,"column":68},"end":{"line":245,"column":null}}],"line":245},"36":{"loc":{"start":{"line":247,"column":16},"end":{"line":249,"column":122}},"type":"cond-expr","locations":[{"start":{"line":248,"column":18},"end":{"line":248,"column":null}},{"start":{"line":249,"column":18},"end":{"line":249,"column":122}}],"line":247},"37":{"loc":{"start":{"line":258,"column":16},"end":{"line":260,"column":53}},"type":"cond-expr","locations":[{"start":{"line":259,"column":18},"end":{"line":259,"column":null}},{"start":{"line":260,"column":18},"end":{"line":260,"column":53}}],"line":258},"38":{"loc":{"start":{"line":266,"column":9},"end":{"line":269,"column":null}},"type":"binary-expr","locations":[{"start":{"line":266,"column":9},"end":{"line":266,"column":null}},{"start":{"line":267,"column":10},"end":{"line":269,"column":null}}],"line":266},"39":{"loc":{"start":{"line":267,"column":66},"end":{"line":267,"column":110}},"type":"cond-expr","locations":[{"start":{"line":267,"column":75},"end":{"line":267,"column":93}},{"start":{"line":267,"column":93},"end":{"line":267,"column":110}}],"line":267}},"s":{"0":1,"1":31,"2":12,"3":12,"4":12,"5":2,"6":2,"7":1,"8":1,"9":11,"10":31,"11":31,"12":31,"13":31,"14":31,"15":27,"16":12,"17":12,"18":31,"19":27,"20":15,"21":15,"22":0,"23":31,"24":3,"25":3,"26":3,"27":3,"28":1,"29":2,"30":2,"31":0,"32":2,"33":2,"34":2,"35":2,"36":2,"37":2,"38":2,"39":2,"40":2,"41":2,"42":2,"43":2,"44":0,"45":0,"46":2,"47":2,"48":0,"49":2,"50":31,"51":0,"52":0,"53":0,"54":31,"55":4,"56":4,"57":4,"58":31,"59":1,"60":1,"61":31,"62":27,"63":31,"64":22,"65":0,"66":22,"67":0,"68":0,"69":0,"70":0,"71":0},"f":{"0":31,"1":12,"2":27,"3":27,"4":3,"5":2,"6":2,"7":2,"8":0,"9":0,"10":0,"11":4,"12":1,"13":27,"14":22,"15":0,"16":22,"17":0,"18":0,"19":0,"20":0,"21":0},"b":{"0":[2,10],"1":[1,1],"2":[2,1],"3":[12,15],"4":[11,1],"5":[15,12],"6":[3,0],"7":[1,2],"8":[3,2],"9":[0,2],"10":[2,0],"11":[2,0],"12":[0,0],"13":[0,0],"14":[29,2],"15":[29,2],"16":[31,3],"17":[3,0],"18":[3,0],"19":[3,0],"20":[3,19],"21":[22,19],"22":[18,1],"23":[3,19],"24":[3,0],"25":[18,1],"26":[0,0],"27":[0,0],"28":[0,0],"29":[31,4],"30":[4,0],"31":[4,0],"32":[4,0],"33":[4,0],"34":[29,2],"35":[29,2],"36":[29,2],"37":[29,2],"38":[31,0],"39":[0,0]},"meta":{"lastBranch":40,"lastFunction":22,"lastStatement":72,"seen":{"s:9:15:274:Infinity":0,"f:9:15:9:16":0,"s:11:30:25:Infinity":1,"f:11:43:11:49":1,"s:12:4:23:Infinity":2,"s:13:20:13:Infinity":3,"b:14:6:20:Infinity:undefined:undefined:undefined:undefined":0,"s:14:6:20:Infinity":4,"s:15:23:15:Infinity":5,"b:17:8:19:Infinity:undefined:undefined:undefined:undefined":1,"s:17:8:19:Infinity":6,"b:17:12:17:37:17:37:17:56":2,"s:18:10:18:Infinity":7,"s:22:6:22:Infinity":8,"s:24:4:24:Infinity":9,"s:27:24:27:Infinity":10,"s:28:28:28:Infinity":11,"s:29:8:29:Infinity":12,"s:30:8:30:Infinity":13,"s:33:2:41:Infinity":14,"f:33:12:33:18":2,"b:34:4:40:Infinity:undefined:undefined:undefined:undefined":3,"s:34:4:40:Infinity":15,"s:35:26:37:Infinity":16,"b:36:10:36:Infinity:37:10:37:Infinity":4,"s:39:6:39:Infinity":17,"s:44:2:52:Infinity":18,"f:44:12:44:18":3,"b:45:4:51:Infinity:undefined:undefined:undefined:undefined":5,"s:45:4:51:Infinity":19,"s:46:6:50:Infinity":20,"s:47:8:47:Infinity":21,"s:49:8:49:Infinity":22,"s:54:22:98:Infinity":23,"f:54:22:54:29":4,"b:55:4:55:Infinity:undefined:undefined:undefined:undefined":6,"s:55:4:55:Infinity":24,"s:55:11:55:Infinity":25,"s:56:23:56:Infinity":26,"b:57:4:57:Infinity:undefined:undefined:undefined:undefined":7,"s:57:4:57:Infinity":27,"b:57:8:57:23:57:23:57:32":8,"s:57:32:57:Infinity":28,"s:60:10:60:Infinity":29,"b:61:4:61:Infinity:undefined:undefined:undefined:undefined":9,"s:61:4:61:Infinity":30,"s:61:20:61:Infinity":31,"s:63:20:63:Infinity":32,"s:64:4:64:Infinity":33,"f:64:16:64:24":5,"s:64:24:64:42":34,"s:65:4:65:Infinity":35,"b:67:4:69:Infinity:undefined:undefined:undefined:undefined":10,"s:67:4:69:Infinity":36,"s:68:6:68:Infinity":37,"s:71:4:71:Infinity":38,"s:73:4:97:Infinity":39,"s:75:34:78:Infinity":40,"f:76:16:76:21":6,"s:76:21:76:40":41,"f:78:13:78:19":7,"s:78:19:78:56":42,"s:80:18:84:Infinity":43,"s:86:6:86:Infinity":44,"f:86:18:86:26":8,"s:86:26:86:83":45,"s:90:23:92:Infinity":46,"b:91:10:91:Infinity:92:10:92:Infinity":11,"s:94:6:94:Infinity":47,"f:94:18:94:26":9,"s:94:26:94:77":48,"s:96:6:96:Infinity":49,"s:100:24:105:Infinity":50,"f:100:24:100:25":10,"b:101:4:104:Infinity:undefined:undefined:undefined:undefined":12,"s:101:4:104:Infinity":51,"b:101:8:101:29:101:29:101:42":13,"s:102:6:102:Infinity":52,"s:103:6:103:Infinity":53,"s:107:22:111:Infinity":54,"f:107:22:107:23":11,"s:108:4:108:Infinity":55,"s:109:4:109:Infinity":56,"s:110:4:110:Infinity":57,"s:114:23:118:Infinity":58,"f:114:23:114:29":12,"s:115:4:115:Infinity":59,"s:116:4:116:Infinity":60,"s:120:2:122:Infinity":61,"f:120:12:120:18":13,"s:121:4:121:Infinity":62,"s:124:2:272:Infinity":63,"b:127:10:127:Infinity:128:10:128:61":14,"b:132:19:132:40:132:40:132:57":15,"b:137:7:137:Infinity:138:8:148:Infinity":16,"b:142:16:142:Infinity:143:16:143:83":17,"b:144:33:144:52:144:52:144:Infinity":18,"b:145:38:145:62:145:62:145:Infinity":19,"f:153:22:153:23":14,"s:154:10:208:Infinity":64,"b:154:62:154:78:154:78:154:103":20,"b:156:13:156:Infinity:157:14:164:Infinity":21,"b:163:29:163:55:163:55:163:74":22,"b:170:19:172:Infinity:173:19:175:Infinity":23,"b:171:22:171:Infinity:172:22:172:Infinity":24,"b:174:22:174:Infinity:175:22:175:Infinity":25,"f:179:21:179:22":15,"s:180:20:185:Infinity":65,"b:182:65:182:101:182:101:182:140":26,"f:187:21:187:22":16,"s:187:43:187:Infinity":66,"f:188:22:188:23":17,"s:188:44:188:Infinity":67,"f:189:22:189:23":18,"s:189:44:189:Infinity":68,"f:190:22:190:23":19,"s:190:44:190:Infinity":69,"f:191:26:191:27":20,"s:192:20:195:Infinity":70,"b:194:55:194:76:194:76:194:93":27,"f:197:24:197:25":21,"s:198:20:201:Infinity":71,"b:200:83:200:114:200:114:200:148":28,"b:211:9:211:Infinity:212:10:228:Infinity":29,"b:219:27:219:53:219:53:219:72":30,"b:223:18:223:Infinity:224:18:224:85":31,"b:225:59:225:80:225:80:225:97":32,"b:226:31:226:45:226:45:226:Infinity":33,"b:236:12:236:Infinity:237:12:237:63":34,"b:245:41:245:68:245:68:245:Infinity":35,"b:248:18:248:Infinity:249:18:249:122":36,"b:259:18:259:Infinity:260:18:260:53":37,"b:266:9:266:Infinity:267:10:269:Infinity":38,"b:267:75:267:93:267:93:267:110":39}}}
}
